[14-11-21 15:35:1416584147] Fastq 1: /nfs/research2/goldman/botond/paper-pat-seq/RawData/ERR472935_1.fastq.gz
[14-11-21 15:35:1416584147] Fastq 2: /nfs/research2/goldman/botond/paper-pat-seq/RawData/ERR472935_2.fastq.gz
[14-11-21 15:35:1416584147] Output directory: /nfs/research2/goldman/botond/paper-pat-seq/Aln/MUT1C
[14-11-21 15:35:1416584147] Read portion used when classifying: 14
[14-11-21 15:35:1416584147] Minimum tag length: 3
[14-11-21 15:35:1416584147] Maximum number of Ns in the first 14 bases: 6
[14-11-21 15:35:1416584147] Classifying read pairs.
[14-11-21 15:43:1416584609] Total fragments: 8808304
[14-11-21 15:43:1416584609] NVTR fragments: 6393377
[14-11-21 15:43:1416584609] G-tail fragments: 2414927
[14-11-21 15:43:1416584609] Forward G-tail reads: 1239
[14-11-21 15:43:1416584609] Reverse G-tail reads: 3746090
[14-11-21 15:43:1416584609] Indexing reference.
[14-11-21 15:43:1416584620] Aligning G-tailed reads.
[14-11-21 15:49:1416584947] <bowtie2> 2414927 reads; of these:
[14-11-21 15:49:1416584947] <bowtie2>   2414927 (100.00%) were paired; of these:
[14-11-21 15:49:1416584947] <bowtie2>     2398076 (99.30%) aligned concordantly 0 times
[14-11-21 15:49:1416584947] <bowtie2>     8749 (0.36%) aligned concordantly exactly 1 time
[14-11-21 15:49:1416584947] <bowtie2>     8102 (0.34%) aligned concordantly >1 times
[14-11-21 15:49:1416584947] <bowtie2>     ----
[14-11-21 15:49:1416584947] <bowtie2>     2398076 pairs aligned concordantly 0 times; of these:
[14-11-21 15:49:1416584947] <bowtie2>       51 (0.00%) aligned discordantly 1 time
[14-11-21 15:49:1416584947] <bowtie2>     ----
[14-11-21 15:49:1416584947] <bowtie2>     2398025 pairs aligned 0 times concordantly or discordantly; of these:
[14-11-21 15:49:1416584947] <bowtie2>       4796050 mates make up the pairs; of these:
[14-11-21 15:49:1416584947] <bowtie2>         2916162 (60.80%) aligned 0 times
[14-11-21 15:49:1416584947] <bowtie2>         1181823 (24.64%) aligned exactly 1 time
[14-11-21 15:49:1416584947] <bowtie2>         698065 (14.55%) aligned >1 times
[14-11-21 15:49:1416584947] <bowtie2> 39.62% overall alignment rate
[14-11-21 15:49:1416584947] <bowtie2> 
[14-11-21 15:51:1416585097] G-tail alignments are at: /nfs/research2/goldman/botond/paper-pat-seq/Aln/MUT1C/gtail_aln/gtail_reads.sam
[14-11-21 15:51:1416585097] Position-sorted G-tail alignments are at: /nfs/research2/goldman/botond/paper-pat-seq/Aln/MUT1C/gtail_aln/gtail_reads_sort.bam
[14-11-21 15:51:1416585101] Flagstats:
[14-11-21 15:51:1416585101] --------------------------------------------
[14-11-21 15:51:1416585101] 
{'chr_mismatch': 152.0, 'duplicates': 0.0, 'nr_read1': 2414927.0, 'seq_paired': 4829854.0, 'nr_read2': 2414927.0, 'qc_fail': 4829854.0, 'chr_mismatch_q5': 84.0, 'nr_proper_with_mate': 33874.0}
[14-11-21 15:51:1416585101] --------------------------------------------
[14-11-21 15:51:1416585101] Aligning NVTR reads.
[14-11-21 16:07:1416586075] <bowtie2> 6393377 reads; of these:
[14-11-21 16:07:1416586075] <bowtie2>   6393377 (100.00%) were paired; of these:
[14-11-21 16:07:1416586075] <bowtie2>     3058349 (47.84%) aligned concordantly 0 times
[14-11-21 16:07:1416586075] <bowtie2>     1993447 (31.18%) aligned concordantly exactly 1 time
[14-11-21 16:07:1416586075] <bowtie2>     1341581 (20.98%) aligned concordantly >1 times
[14-11-21 16:07:1416586075] <bowtie2> 52.16% overall alignment rate
[14-11-21 16:07:1416586075] <bowtie2> 
[14-11-21 16:15:1416586532] NVTR alignments are at: /nfs/research2/goldman/botond/paper-pat-seq/Aln/MUT1C/nvtr_aln/nvtr_reads.sam
[14-11-21 16:15:1416586532] Position-sorted NVTR alignments are at: /nfs/research2/goldman/botond/paper-pat-seq/Aln/MUT1C/nvtr_aln/nvtr_reads_sort.bam
['chr_mismatch', 'chr_mismatch_q5', 'duplicates', 'nr_proper_with_mate', 'nr_read1', 'nr_read2', 'qc_fail', 'seq_paired']
