[14-11-21 15:35:1416584147] Fastq 1: /nfs/research2/goldman/botond/paper-pat-seq/RawData/ERR472943_1.fastq.gz
[14-11-21 15:35:1416584147] Fastq 2: /nfs/research2/goldman/botond/paper-pat-seq/RawData/ERR472943_2.fastq.gz
[14-11-21 15:35:1416584147] Output directory: /nfs/research2/goldman/botond/paper-pat-seq/Aln/MUT1A
[14-11-21 15:35:1416584147] Read portion used when classifying: 14
[14-11-21 15:35:1416584147] Minimum tag length: 3
[14-11-21 15:35:1416584147] Maximum number of Ns in the first 14 bases: 6
[14-11-21 15:35:1416584147] Classifying read pairs.
[14-11-21 15:46:1416584767] Total fragments: 12461585
[14-11-21 15:46:1416584767] NVTR fragments: 10460964
[14-11-21 15:46:1416584767] G-tail fragments: 2000621
[14-11-21 15:46:1416584767] Forward G-tail reads: 1200
[14-11-21 15:46:1416584767] Reverse G-tail reads: 3682986
[14-11-21 15:46:1416584767] Indexing reference.
[14-11-21 15:46:1416584780] Aligning G-tailed reads.
[14-11-21 15:50:1416585042] <bowtie2> 2000621 reads; of these:
[14-11-21 15:50:1416585042] <bowtie2>   2000621 (100.00%) were paired; of these:
[14-11-21 15:50:1416585042] <bowtie2>     1967633 (98.35%) aligned concordantly 0 times
[14-11-21 15:50:1416585042] <bowtie2>     20970 (1.05%) aligned concordantly exactly 1 time
[14-11-21 15:50:1416585042] <bowtie2>     12018 (0.60%) aligned concordantly >1 times
[14-11-21 15:50:1416585042] <bowtie2>     ----
[14-11-21 15:50:1416585042] <bowtie2>     1967633 pairs aligned concordantly 0 times; of these:
[14-11-21 15:50:1416585042] <bowtie2>       16 (0.00%) aligned discordantly 1 time
[14-11-21 15:50:1416585042] <bowtie2>     ----
[14-11-21 15:50:1416585042] <bowtie2>     1967617 pairs aligned 0 times concordantly or discordantly; of these:
[14-11-21 15:50:1416585042] <bowtie2>       3935234 mates make up the pairs; of these:
[14-11-21 15:50:1416585042] <bowtie2>         2958531 (75.18%) aligned 0 times
[14-11-21 15:50:1416585042] <bowtie2>         697279 (17.72%) aligned exactly 1 time
[14-11-21 15:50:1416585042] <bowtie2>         279424 (7.10%) aligned >1 times
[14-11-21 15:50:1416585042] <bowtie2> 26.06% overall alignment rate
[14-11-21 15:50:1416585042] <bowtie2> 
[14-11-21 15:52:1416585166] G-tail alignments are at: /nfs/research2/goldman/botond/paper-pat-seq/Aln/MUT1A/gtail_aln/gtail_reads.sam
[14-11-21 15:52:1416585166] Position-sorted G-tail alignments are at: /nfs/research2/goldman/botond/paper-pat-seq/Aln/MUT1A/gtail_aln/gtail_reads_sort.bam
[14-11-21 15:52:1416585169] Flagstats:
[14-11-21 15:52:1416585169] --------------------------------------------
[14-11-21 15:52:1416585169] 
{'chr_mismatch': 160.0, 'duplicates': 0.0, 'nr_read1': 2000621.0, 'seq_paired': 4001242.0, 'nr_read2': 2000621.0, 'qc_fail': 4001242.0, 'chr_mismatch_q5': 14.0, 'nr_proper_with_mate': 66154.0}
[14-11-21 15:52:1416585169] --------------------------------------------
[14-11-21 15:52:1416585169] Aligning NVTR reads.
[14-11-21 16:20:1416586829] <bowtie2> 10460964 reads; of these:
[14-11-21 16:20:1416586829] <bowtie2>   10460964 (100.00%) were paired; of these:
[14-11-21 16:20:1416586829] <bowtie2>     3863061 (36.93%) aligned concordantly 0 times
[14-11-21 16:20:1416586829] <bowtie2>     4015135 (38.38%) aligned concordantly exactly 1 time
[14-11-21 16:20:1416586829] <bowtie2>     2582768 (24.69%) aligned concordantly >1 times
[14-11-21 16:20:1416586829] <bowtie2> 63.07% overall alignment rate
[14-11-21 16:20:1416586829] <bowtie2> 
[14-11-21 16:33:1416587624] NVTR alignments are at: /nfs/research2/goldman/botond/paper-pat-seq/Aln/MUT1A/nvtr_aln/nvtr_reads.sam
[14-11-21 16:33:1416587624] Position-sorted NVTR alignments are at: /nfs/research2/goldman/botond/paper-pat-seq/Aln/MUT1A/nvtr_aln/nvtr_reads_sort.bam
['chr_mismatch', 'chr_mismatch_q5', 'duplicates', 'nr_proper_with_mate', 'nr_read1', 'nr_read2', 'qc_fail', 'seq_paired']
