[14-11-21 15:35:1416584147] Fastq 1: /nfs/research2/goldman/botond/paper-pat-seq/RawData/ERR472940_1.fastq.gz
[14-11-21 15:35:1416584147] Fastq 2: /nfs/research2/goldman/botond/paper-pat-seq/RawData/ERR472940_2.fastq.gz
[14-11-21 15:35:1416584147] Output directory: /nfs/research2/goldman/botond/paper-pat-seq/Aln/MUT2A
[14-11-21 15:35:1416584147] Read portion used when classifying: 14
[14-11-21 15:35:1416584147] Minimum tag length: 3
[14-11-21 15:35:1416584147] Maximum number of Ns in the first 14 bases: 6
[14-11-21 15:35:1416584147] Classifying read pairs.
[14-11-21 15:45:1416584714] Total fragments: 11305179
[14-11-21 15:45:1416584714] NVTR fragments: 9960917
[14-11-21 15:45:1416584714] G-tail fragments: 1344262
[14-11-21 15:45:1416584714] Forward G-tail reads: 861
[14-11-21 15:45:1416584714] Reverse G-tail reads: 2888314
[14-11-21 15:45:1416584714] Indexing reference.
[14-11-21 15:45:1416584725] Aligning G-tailed reads.
[14-11-21 15:48:1416584901] <bowtie2> 1344262 reads; of these:
[14-11-21 15:48:1416584901] <bowtie2>   1344262 (100.00%) were paired; of these:
[14-11-21 15:48:1416584901] <bowtie2>     1299850 (96.70%) aligned concordantly 0 times
[14-11-21 15:48:1416584901] <bowtie2>     26404 (1.96%) aligned concordantly exactly 1 time
[14-11-21 15:48:1416584901] <bowtie2>     18008 (1.34%) aligned concordantly >1 times
[14-11-21 15:48:1416584901] <bowtie2>     ----
[14-11-21 15:48:1416584901] <bowtie2>     1299850 pairs aligned concordantly 0 times; of these:
[14-11-21 15:48:1416584901] <bowtie2>       6 (0.00%) aligned discordantly 1 time
[14-11-21 15:48:1416584901] <bowtie2>     ----
[14-11-21 15:48:1416584901] <bowtie2>     1299844 pairs aligned 0 times concordantly or discordantly; of these:
[14-11-21 15:48:1416584901] <bowtie2>       2599688 mates make up the pairs; of these:
[14-11-21 15:48:1416584901] <bowtie2>         2038110 (78.40%) aligned 0 times
[14-11-21 15:48:1416584901] <bowtie2>         412833 (15.88%) aligned exactly 1 time
[14-11-21 15:48:1416584901] <bowtie2>         148745 (5.72%) aligned >1 times
[14-11-21 15:48:1416584901] <bowtie2> 24.19% overall alignment rate
[14-11-21 15:48:1416584901] <bowtie2> 
[14-11-21 15:49:1416584978] G-tail alignments are at: /nfs/research2/goldman/botond/paper-pat-seq/Aln/MUT2A/gtail_aln/gtail_reads.sam
[14-11-21 15:49:1416584978] Position-sorted G-tail alignments are at: /nfs/research2/goldman/botond/paper-pat-seq/Aln/MUT2A/gtail_aln/gtail_reads_sort.bam
[14-11-21 15:49:1416584980] Flagstats:
[14-11-21 15:49:1416584980] --------------------------------------------
[14-11-21 15:49:1416584980] 
{'chr_mismatch': 182.0, 'duplicates': 0.0, 'nr_read1': 1344262.0, 'seq_paired': 2688524.0, 'nr_read2': 1344262.0, 'qc_fail': 2688524.0, 'chr_mismatch_q5': 13.0, 'nr_proper_with_mate': 89006.0}
[14-11-21 15:49:1416584980] --------------------------------------------
[14-11-21 15:49:1416584980] Aligning NVTR reads.
[14-11-21 16:19:1416586753] <bowtie2> 9960917 reads; of these:
[14-11-21 16:19:1416586753] <bowtie2>   9960917 (100.00%) were paired; of these:
[14-11-21 16:19:1416586753] <bowtie2>     3293842 (33.07%) aligned concordantly 0 times
[14-11-21 16:19:1416586753] <bowtie2>     3741754 (37.56%) aligned concordantly exactly 1 time
[14-11-21 16:19:1416586753] <bowtie2>     2925321 (29.37%) aligned concordantly >1 times
[14-11-21 16:19:1416586753] <bowtie2> 66.93% overall alignment rate
[14-11-21 16:19:1416586753] <bowtie2> 
[14-11-21 16:31:1416587509] NVTR alignments are at: /nfs/research2/goldman/botond/paper-pat-seq/Aln/MUT2A/nvtr_aln/nvtr_reads.sam
[14-11-21 16:31:1416587509] Position-sorted NVTR alignments are at: /nfs/research2/goldman/botond/paper-pat-seq/Aln/MUT2A/nvtr_aln/nvtr_reads_sort.bam
['chr_mismatch', 'chr_mismatch_q5', 'duplicates', 'nr_proper_with_mate', 'nr_read1', 'nr_read2', 'qc_fail', 'seq_paired']
