[14-11-21 15:35:1416584147] Fastq 1: /nfs/research2/goldman/botond/paper-pat-seq/RawData/ERR472934_1.fastq.gz
[14-11-21 15:35:1416584147] Fastq 2: /nfs/research2/goldman/botond/paper-pat-seq/RawData/ERR472934_2.fastq.gz
[14-11-21 15:35:1416584147] Output directory: /nfs/research2/goldman/botond/paper-pat-seq/Aln/MUT2C
[14-11-21 15:35:1416584147] Read portion used when classifying: 14
[14-11-21 15:35:1416584147] Minimum tag length: 3
[14-11-21 15:35:1416584147] Maximum number of Ns in the first 14 bases: 6
[14-11-21 15:35:1416584147] Classifying read pairs.
[14-11-21 15:43:1416584619] Total fragments: 8692767
[14-11-21 15:43:1416584619] NVTR fragments: 6818521
[14-11-21 15:43:1416584619] G-tail fragments: 1874246
[14-11-21 15:43:1416584619] Forward G-tail reads: 933
[14-11-21 15:43:1416584619] Reverse G-tail reads: 3190330
[14-11-21 15:43:1416584619] Indexing reference.
[14-11-21 15:43:1416584629] Aligning G-tailed reads.
[14-11-21 15:48:1416584895] <bowtie2> 1874246 reads; of these:
[14-11-21 15:48:1416584895] <bowtie2>   1874246 (100.00%) were paired; of these:
[14-11-21 15:48:1416584895] <bowtie2>     1850523 (98.73%) aligned concordantly 0 times
[14-11-21 15:48:1416584895] <bowtie2>     11912 (0.64%) aligned concordantly exactly 1 time
[14-11-21 15:48:1416584895] <bowtie2>     11811 (0.63%) aligned concordantly >1 times
[14-11-21 15:48:1416584895] <bowtie2>     ----
[14-11-21 15:48:1416584895] <bowtie2>     1850523 pairs aligned concordantly 0 times; of these:
[14-11-21 15:48:1416584895] <bowtie2>       15 (0.00%) aligned discordantly 1 time
[14-11-21 15:48:1416584895] <bowtie2>     ----
[14-11-21 15:48:1416584895] <bowtie2>     1850508 pairs aligned 0 times concordantly or discordantly; of these:
[14-11-21 15:48:1416584895] <bowtie2>       3701016 mates make up the pairs; of these:
[14-11-21 15:48:1416584895] <bowtie2>         2288319 (61.83%) aligned 0 times
[14-11-21 15:48:1416584895] <bowtie2>         932178 (25.19%) aligned exactly 1 time
[14-11-21 15:48:1416584895] <bowtie2>         480519 (12.98%) aligned >1 times
[14-11-21 15:48:1416584895] <bowtie2> 38.95% overall alignment rate
[14-11-21 15:48:1416584895] <bowtie2> 
[14-11-21 15:50:1416585003] G-tail alignments are at: /nfs/research2/goldman/botond/paper-pat-seq/Aln/MUT2C/gtail_aln/gtail_reads.sam
[14-11-21 15:50:1416585003] Position-sorted G-tail alignments are at: /nfs/research2/goldman/botond/paper-pat-seq/Aln/MUT2C/gtail_aln/gtail_reads_sort.bam
[14-11-21 15:50:1416585007] Flagstats:
[14-11-21 15:50:1416585007] --------------------------------------------
[14-11-21 15:50:1416585007] 
{'chr_mismatch': 258.0, 'duplicates': 0.0, 'nr_read1': 1874246.0, 'seq_paired': 3748492.0, 'nr_read2': 1874246.0, 'qc_fail': 3748492.0, 'chr_mismatch_q5': 30.0, 'nr_proper_with_mate': 47704.0}
[14-11-21 15:50:1416585007] --------------------------------------------
[14-11-21 15:50:1416585007] Aligning NVTR reads.
[14-11-21 16:07:1416586069] <bowtie2> 6818521 reads; of these:
[14-11-21 16:07:1416586069] <bowtie2>   6818521 (100.00%) were paired; of these:
[14-11-21 16:07:1416586069] <bowtie2>     2729618 (40.03%) aligned concordantly 0 times
[14-11-21 16:07:1416586069] <bowtie2>     2295123 (33.66%) aligned concordantly exactly 1 time
[14-11-21 16:07:1416586069] <bowtie2>     1793780 (26.31%) aligned concordantly >1 times
[14-11-21 16:07:1416586069] <bowtie2> 59.97% overall alignment rate
[14-11-21 16:07:1416586069] <bowtie2> 
[14-11-21 16:15:1416586556] NVTR alignments are at: /nfs/research2/goldman/botond/paper-pat-seq/Aln/MUT2C/nvtr_aln/nvtr_reads.sam
[14-11-21 16:15:1416586556] Position-sorted NVTR alignments are at: /nfs/research2/goldman/botond/paper-pat-seq/Aln/MUT2C/nvtr_aln/nvtr_reads_sort.bam
['chr_mismatch', 'chr_mismatch_q5', 'duplicates', 'nr_proper_with_mate', 'nr_read1', 'nr_read2', 'qc_fail', 'seq_paired']
