[14-11-21 15:35:1416584143] Fastq 1: /nfs/research2/goldman/botond/paper-pat-seq/RawData/ERR472938_1.fastq.gz
[14-11-21 15:35:1416584143] Fastq 2: /nfs/research2/goldman/botond/paper-pat-seq/RawData/ERR472938_2.fastq.gz
[14-11-21 15:35:1416584143] Output directory: /nfs/research2/goldman/botond/paper-pat-seq/Aln/WT1B
[14-11-21 15:35:1416584143] Read portion used when classifying: 14
[14-11-21 15:35:1416584143] Minimum tag length: 3
[14-11-21 15:35:1416584143] Maximum number of Ns in the first 14 bases: 6
[14-11-21 15:35:1416584143] Classifying read pairs.
[14-11-21 15:45:1416584759] Total fragments: 11830862
[14-11-21 15:45:1416584759] NVTR fragments: 9637176
[14-11-21 15:45:1416584759] G-tail fragments: 2193686
[14-11-21 15:45:1416584759] Forward G-tail reads: 3988
[14-11-21 15:45:1416584759] Reverse G-tail reads: 3874050
[14-11-21 15:45:1416584759] Indexing reference.
[14-11-21 15:46:1416584771] Aligning G-tailed reads.
[14-11-21 15:49:1416584968] <bowtie2> 2193686 reads; of these:
[14-11-21 15:49:1416584968] <bowtie2>   2193686 (100.00%) were paired; of these:
[14-11-21 15:49:1416584968] <bowtie2>     2160690 (98.50%) aligned concordantly 0 times
[14-11-21 15:49:1416584968] <bowtie2>     24879 (1.13%) aligned concordantly exactly 1 time
[14-11-21 15:49:1416584968] <bowtie2>     8117 (0.37%) aligned concordantly >1 times
[14-11-21 15:49:1416584968] <bowtie2>     ----
[14-11-21 15:49:1416584968] <bowtie2>     2160690 pairs aligned concordantly 0 times; of these:
[14-11-21 15:49:1416584968] <bowtie2>       56 (0.00%) aligned discordantly 1 time
[14-11-21 15:49:1416584968] <bowtie2>     ----
[14-11-21 15:49:1416584968] <bowtie2>     2160634 pairs aligned 0 times concordantly or discordantly; of these:
[14-11-21 15:49:1416584968] <bowtie2>       4321268 mates make up the pairs; of these:
[14-11-21 15:49:1416584968] <bowtie2>         3374103 (78.08%) aligned 0 times
[14-11-21 15:49:1416584968] <bowtie2>         782068 (18.10%) aligned exactly 1 time
[14-11-21 15:49:1416584968] <bowtie2>         165097 (3.82%) aligned >1 times
[14-11-21 15:49:1416584968] <bowtie2> 23.10% overall alignment rate
[14-11-21 15:49:1416584968] <bowtie2> 
[14-11-21 15:51:1416585111] G-tail alignments are at: /nfs/research2/goldman/botond/paper-pat-seq/Aln/WT1B/gtail_aln/gtail_reads.sam
[14-11-21 15:51:1416585111] Position-sorted G-tail alignments are at: /nfs/research2/goldman/botond/paper-pat-seq/Aln/WT1B/gtail_aln/gtail_reads_sort.bam
[14-11-21 15:51:1416585115] Flagstats:
[14-11-21 15:51:1416585115] --------------------------------------------
[14-11-21 15:51:1416585115] 
{'chr_mismatch': 112.0, 'duplicates': 0.0, 'nr_read1': 2193686.0, 'seq_paired': 4387372.0, 'nr_read2': 2193686.0, 'qc_fail': 4387372.0, 'chr_mismatch_q5': 94.0, 'nr_proper_with_mate': 66104.0}
[14-11-21 15:51:1416585115] --------------------------------------------
[14-11-21 15:51:1416585115] Aligning NVTR reads.
[14-11-21 16:14:1416586467] <bowtie2> 9637176 reads; of these:
[14-11-21 16:14:1416586467] <bowtie2>   9637176 (100.00%) were paired; of these:
[14-11-21 16:14:1416586467] <bowtie2>     3758346 (39.00%) aligned concordantly 0 times
[14-11-21 16:14:1416586467] <bowtie2>     4604498 (47.78%) aligned concordantly exactly 1 time
[14-11-21 16:14:1416586467] <bowtie2>     1274332 (13.22%) aligned concordantly >1 times
[14-11-21 16:14:1416586467] <bowtie2> 61.00% overall alignment rate
[14-11-21 16:14:1416586467] <bowtie2> 
[14-11-21 16:26:1416587183] NVTR alignments are at: /nfs/research2/goldman/botond/paper-pat-seq/Aln/WT1B/nvtr_aln/nvtr_reads.sam
[14-11-21 16:26:1416587183] Position-sorted NVTR alignments are at: /nfs/research2/goldman/botond/paper-pat-seq/Aln/WT1B/nvtr_aln/nvtr_reads_sort.bam
['chr_mismatch', 'chr_mismatch_q5', 'duplicates', 'nr_proper_with_mate', 'nr_read1', 'nr_read2', 'qc_fail', 'seq_paired']
