[14-11-21 15:35:1416584145] Fastq 1: /nfs/research2/goldman/botond/paper-pat-seq/RawData/ERR472939_1.fastq.gz
[14-11-21 15:35:1416584145] Fastq 2: /nfs/research2/goldman/botond/paper-pat-seq/RawData/ERR472939_2.fastq.gz
[14-11-21 15:35:1416584145] Output directory: /nfs/research2/goldman/botond/paper-pat-seq/Aln/WT1D
[14-11-21 15:35:1416584145] Read portion used when classifying: 14
[14-11-21 15:35:1416584145] Minimum tag length: 3
[14-11-21 15:35:1416584145] Maximum number of Ns in the first 14 bases: 6
[14-11-21 15:35:1416584145] Classifying read pairs.
[14-11-21 15:41:1416584470] Total fragments: 6225241
[14-11-21 15:41:1416584470] NVTR fragments: 4727560
[14-11-21 15:41:1416584470] G-tail fragments: 1497681
[14-11-21 15:41:1416584470] Forward G-tail reads: 3284
[14-11-21 15:41:1416584470] Reverse G-tail reads: 2387416
[14-11-21 15:41:1416584470] Indexing reference.
[14-11-21 15:41:1416584481] Aligning G-tailed reads.
[14-11-21 15:43:1416584630] <bowtie2> 1497681 reads; of these:
[14-11-21 15:43:1416584630] <bowtie2>   1497681 (100.00%) were paired; of these:
[14-11-21 15:43:1416584630] <bowtie2>     1481377 (98.91%) aligned concordantly 0 times
[14-11-21 15:43:1416584630] <bowtie2>     9421 (0.63%) aligned concordantly exactly 1 time
[14-11-21 15:43:1416584630] <bowtie2>     6883 (0.46%) aligned concordantly >1 times
[14-11-21 15:43:1416584630] <bowtie2>     ----
[14-11-21 15:43:1416584630] <bowtie2>     1481377 pairs aligned concordantly 0 times; of these:
[14-11-21 15:43:1416584630] <bowtie2>       96 (0.01%) aligned discordantly 1 time
[14-11-21 15:43:1416584630] <bowtie2>     ----
[14-11-21 15:43:1416584630] <bowtie2>     1481281 pairs aligned 0 times concordantly or discordantly; of these:
[14-11-21 15:43:1416584630] <bowtie2>       2962562 mates make up the pairs; of these:
[14-11-21 15:43:1416584630] <bowtie2>         1938999 (65.45%) aligned 0 times
[14-11-21 15:43:1416584630] <bowtie2>         883805 (29.83%) aligned exactly 1 time
[14-11-21 15:43:1416584630] <bowtie2>         139758 (4.72%) aligned >1 times
[14-11-21 15:43:1416584630] <bowtie2> 35.27% overall alignment rate
[14-11-21 15:43:1416584630] <bowtie2> 
[14-11-21 15:45:1416584721] G-tail alignments are at: /nfs/research2/goldman/botond/paper-pat-seq/Aln/WT1D/gtail_aln/gtail_reads.sam
[14-11-21 15:45:1416584721] Position-sorted G-tail alignments are at: /nfs/research2/goldman/botond/paper-pat-seq/Aln/WT1D/gtail_aln/gtail_reads_sort.bam
[14-11-21 15:45:1416584723] Flagstats:
[14-11-21 15:45:1416584723] --------------------------------------------
[14-11-21 15:45:1416584723] 
{'chr_mismatch': 684.0, 'duplicates': 0.0, 'nr_read1': 1497681.0, 'seq_paired': 2995362.0, 'nr_read2': 1497681.0, 'qc_fail': 2995362.0, 'chr_mismatch_q5': 190.0, 'nr_proper_with_mate': 33368.0}
[14-11-21 15:45:1416584723] --------------------------------------------
[14-11-21 15:45:1416584723] Aligning NVTR reads.
[14-11-21 15:55:1416585356] <bowtie2> 4727560 reads; of these:
[14-11-21 15:55:1416585356] <bowtie2>   4727560 (100.00%) were paired; of these:
[14-11-21 15:55:1416585356] <bowtie2>     2081256 (44.02%) aligned concordantly 0 times
[14-11-21 15:55:1416585356] <bowtie2>     2093964 (44.29%) aligned concordantly exactly 1 time
[14-11-21 15:55:1416585356] <bowtie2>     552340 (11.68%) aligned concordantly >1 times
[14-11-21 15:55:1416585356] <bowtie2> 55.98% overall alignment rate
[14-11-21 15:55:1416585356] <bowtie2> 
[14-11-21 16:01:1416585699] NVTR alignments are at: /nfs/research2/goldman/botond/paper-pat-seq/Aln/WT1D/nvtr_aln/nvtr_reads.sam
[14-11-21 16:01:1416585699] Position-sorted NVTR alignments are at: /nfs/research2/goldman/botond/paper-pat-seq/Aln/WT1D/nvtr_aln/nvtr_reads_sort.bam
['chr_mismatch', 'chr_mismatch_q5', 'duplicates', 'nr_proper_with_mate', 'nr_read1', 'nr_read2', 'qc_fail', 'seq_paired']
