[14-11-21 15:35:1416584147] Fastq 1: /nfs/research2/goldman/botond/paper-pat-seq/RawData/ERR472947_1.fastq.gz
[14-11-21 15:35:1416584147] Fastq 2: /nfs/research2/goldman/botond/paper-pat-seq/RawData/ERR472947_2.fastq.gz
[14-11-21 15:35:1416584147] Output directory: /nfs/research2/goldman/botond/paper-pat-seq/Aln/WT2D
[14-11-21 15:35:1416584147] Read portion used when classifying: 14
[14-11-21 15:35:1416584147] Minimum tag length: 3
[14-11-21 15:35:1416584147] Maximum number of Ns in the first 14 bases: 6
[14-11-21 15:35:1416584147] Classifying read pairs.
[14-11-21 15:42:1416584551] Total fragments: 7570436
[14-11-21 15:42:1416584551] NVTR fragments: 5688033
[14-11-21 15:42:1416584551] G-tail fragments: 1882403
[14-11-21 15:42:1416584551] Forward G-tail reads: 3882
[14-11-21 15:42:1416584551] Reverse G-tail reads: 2970020
[14-11-21 15:42:1416584551] Indexing reference.
[14-11-21 15:42:1416584563] Aligning G-tailed reads.
[14-11-21 15:45:1416584746] <bowtie2> 1882403 reads; of these:
[14-11-21 15:45:1416584746] <bowtie2>   1882403 (100.00%) were paired; of these:
[14-11-21 15:45:1416584746] <bowtie2>     1863018 (98.97%) aligned concordantly 0 times
[14-11-21 15:45:1416584746] <bowtie2>     12104 (0.64%) aligned concordantly exactly 1 time
[14-11-21 15:45:1416584746] <bowtie2>     7281 (0.39%) aligned concordantly >1 times
[14-11-21 15:45:1416584746] <bowtie2>     ----
[14-11-21 15:45:1416584746] <bowtie2>     1863018 pairs aligned concordantly 0 times; of these:
[14-11-21 15:45:1416584746] <bowtie2>       84 (0.00%) aligned discordantly 1 time
[14-11-21 15:45:1416584746] <bowtie2>     ----
[14-11-21 15:45:1416584746] <bowtie2>     1862934 pairs aligned 0 times concordantly or discordantly; of these:
[14-11-21 15:45:1416584746] <bowtie2>       3725868 mates make up the pairs; of these:
[14-11-21 15:45:1416584746] <bowtie2>         2485082 (66.70%) aligned 0 times
[14-11-21 15:45:1416584746] <bowtie2>         1087441 (29.19%) aligned exactly 1 time
[14-11-21 15:45:1416584746] <bowtie2>         153345 (4.12%) aligned >1 times
[14-11-21 15:45:1416584746] <bowtie2> 33.99% overall alignment rate
[14-11-21 15:45:1416584746] <bowtie2> 
[14-11-21 15:47:1416584864] G-tail alignments are at: /nfs/research2/goldman/botond/paper-pat-seq/Aln/WT2D/gtail_aln/gtail_reads.sam
[14-11-21 15:47:1416584864] Position-sorted G-tail alignments are at: /nfs/research2/goldman/botond/paper-pat-seq/Aln/WT2D/gtail_aln/gtail_reads_sort.bam
[14-11-21 15:47:1416584867] Flagstats:
[14-11-21 15:47:1416584867] --------------------------------------------
[14-11-21 15:47:1416584867] 
{'chr_mismatch': 146.0, 'duplicates': 0.0, 'nr_read1': 1882403.0, 'seq_paired': 3764806.0, 'nr_read2': 1882403.0, 'qc_fail': 3764806.0, 'chr_mismatch_q5': 132.0, 'nr_proper_with_mate': 38952.0}
[14-11-21 15:47:1416584867] --------------------------------------------
[14-11-21 15:47:1416584867] Aligning NVTR reads.
[14-11-21 16:00:1416585625] <bowtie2> 5688033 reads; of these:
[14-11-21 16:00:1416585625] <bowtie2>   5688033 (100.00%) were paired; of these:
[14-11-21 16:00:1416585625] <bowtie2>     2571076 (45.20%) aligned concordantly 0 times
[14-11-21 16:00:1416585625] <bowtie2>     2585257 (45.45%) aligned concordantly exactly 1 time
[14-11-21 16:00:1416585625] <bowtie2>     531700 (9.35%) aligned concordantly >1 times
[14-11-21 16:00:1416585625] <bowtie2> 54.80% overall alignment rate
[14-11-21 16:00:1416585625] <bowtie2> 
[14-11-21 16:07:1416586047] NVTR alignments are at: /nfs/research2/goldman/botond/paper-pat-seq/Aln/WT2D/nvtr_aln/nvtr_reads.sam
[14-11-21 16:07:1416586047] Position-sorted NVTR alignments are at: /nfs/research2/goldman/botond/paper-pat-seq/Aln/WT2D/nvtr_aln/nvtr_reads_sort.bam
['chr_mismatch', 'chr_mismatch_q5', 'duplicates', 'nr_proper_with_mate', 'nr_read1', 'nr_read2', 'qc_fail', 'seq_paired']
